This is pdfTeX, Version 3.14159265-2.6-1.40.19 (MiKTeX 2.9.6930 64-bit) (preloaded format=pdflatex 2019.3.11)  11 MAR 2019 21:54
entering extended mode
**./WK.tex
(WK.tex
LaTeX2e <2018-12-01>
("C:\Users\Jacek\AppData\Local\Programs\MiKTeX 2.9\tex/latex/base\article.cls"
Document Class: article 2018/09/03 v1.4i Standard LaTeX document class
("C:\Users\Jacek\AppData\Local\Programs\MiKTeX 2.9\tex/latex/base\size11.clo"
File: size11.clo 2018/09/03 v1.4i Standard LaTeX file (size option)
)
\c@part=\count80
\c@section=\count81
\c@subsection=\count82
\c@subsubsection=\count83
\c@paragraph=\count84
\c@subparagraph=\count85
\c@figure=\count86
\c@table=\count87
\abovecaptionskip=\skip41
\belowcaptionskip=\skip42
\bibindent=\dimen102
) ("C:\Users\Jacek\AppData\Local\Programs\MiKTeX 2.9\tex/latex/was\gensymb.sty"
Package: gensymb 2003/07/02 v1.0 (WaS)
)
("C:\Users\Jacek\AppData\Local\Programs\MiKTeX 2.9\tex/latex/wasysym\wasysym.st
y"
Package: wasysym 2003/10/30 v2.0 Wasy-2 symbol support package
\symwasy=\mathgroup4
LaTeX Font Info:    Overwriting symbol font `wasy' in version `bold'
(Font)                  U/wasy/m/n --> U/wasy/b/n on input line 90.
)
("C:\Users\Jacek\AppData\Local\Programs\MiKTeX 2.9\tex/latex/graphics\graphicx.
sty"
Package: graphicx 2017/06/01 v1.1a Enhanced LaTeX Graphics (DPC,SPQR)

("C:\Users\Jacek\AppData\Local\Programs\MiKTeX 2.9\tex/latex/graphics\keyval.st
y"
Package: keyval 2014/10/28 v1.15 key=value parser (DPC)
\KV@toks@=\toks14
)
("C:\Users\Jacek\AppData\Local\Programs\MiKTeX 2.9\tex/latex/graphics\graphics.
sty"
Package: graphics 2017/06/25 v1.2c Standard LaTeX Graphics (DPC,SPQR)

("C:\Users\Jacek\AppData\Local\Programs\MiKTeX 2.9\tex/latex/graphics\trig.sty"
Package: trig 2016/01/03 v1.10 sin cos tan (DPC)
)
("C:\Users\Jacek\AppData\Local\Programs\MiKTeX 2.9\tex/latex/graphics-cfg\graph
ics.cfg"
File: graphics.cfg 2016/06/04 v1.11 sample graphics configuration
)
Package graphics Info: Driver file: pdftex.def on input line 99.

("C:\Users\Jacek\AppData\Local\Programs\MiKTeX 2.9\tex/latex/graphics-def\pdfte
x.def"
File: pdftex.def 2018/01/08 v1.0l Graphics/color driver for pdftex
))
\Gin@req@height=\dimen103
\Gin@req@width=\dimen104
)
("C:\Users\Jacek\AppData\Local\Programs\MiKTeX 2.9\tex/latex/base\fontenc.sty"
Package: fontenc 2018/08/11 v2.0j Standard LaTeX package

("C:\Users\Jacek\AppData\Local\Programs\MiKTeX 2.9\tex/latex/base\t1enc.def"
File: t1enc.def 2018/08/11 v2.0j Standard LaTeX file
LaTeX Font Info:    Redeclaring font encoding T1 on input line 48.
))
("C:\Users\Jacek\AppData\Local\Programs\MiKTeX 2.9\tex/latex/base\inputenc.sty"
Package: inputenc 2018/08/11 v1.3c Input encoding file
\inpenc@prehook=\toks15
\inpenc@posthook=\toks16
) ("C:\Users\Jacek\AppData\Local\Programs\MiKTeX 2.9\tex/latex/polski\polski.st
y"
Package: polski 2017/05/04 v1.3.4 Polish language package

   Inputenc package detected. Catcodes not changed.
) (WK.aux)
\openout1 = `WK.aux'.

LaTeX Font Info:    Checking defaults for OML/cmm/m/it on input line 8.
LaTeX Font Info:    ... okay on input line 8.
LaTeX Font Info:    Checking defaults for T1/cmr/m/n on input line 8.
LaTeX Font Info:    ... okay on input line 8.
LaTeX Font Info:    Checking defaults for OT1/cmr/m/n on input line 8.
LaTeX Font Info:    ... okay on input line 8.
LaTeX Font Info:    Checking defaults for OMS/cmsy/m/n on input line 8.
LaTeX Font Info:    ... okay on input line 8.
LaTeX Font Info:    Checking defaults for OMX/cmex/m/n on input line 8.
LaTeX Font Info:    ... okay on input line 8.
LaTeX Font Info:    Checking defaults for U/cmr/m/n on input line 8.
LaTeX Font Info:    ... okay on input line 8.
LaTeX Info: Redefining \celsius on input line 8.
Package gensymb Info: Faking symbols for \degree and \celsius on input line 8.


Package gensymb Warning: Not defining \perthousand.

LaTeX Info: Redefining \ohm on input line 8.
Package gensymb Info: Using \Omega for \ohm on input line 8.

Package gensymb Warning: Not defining \micro.


("C:\Users\Jacek\AppData\Local\Programs\MiKTeX 2.9\tex/context/base/mkii\supp-p
df.mkii"
[Loading MPS to PDF converter (version 2006.09.02).]
\scratchcounter=\count88
\scratchdimen=\dimen105
\scratchbox=\box27
\nofMPsegments=\count89
\nofMParguments=\count90
\everyMPshowfont=\toks17
\MPscratchCnt=\count91
\MPscratchDim=\dimen106
\MPnumerator=\count92
\makeMPintoPDFobject=\count93
\everyMPtoPDFconversion=\toks18
)
("C:\Users\Jacek\AppData\Local\Programs\MiKTeX 2.9\tex/latex/oberdiek\epstopdf-
base.sty"
Package: epstopdf-base 2016/05/15 v2.6 Base part for package epstopdf

("C:\Users\Jacek\AppData\Local\Programs\MiKTeX 2.9\tex/generic/oberdiek\infware
rr.sty"
Package: infwarerr 2016/05/16 v1.4 Providing info/warning/error messages (HO)
)
("C:\Users\Jacek\AppData\Local\Programs\MiKTeX 2.9\tex/latex/oberdiek\grfext.st
y"
Package: grfext 2016/05/16 v1.2 Manage graphics extensions (HO)

("C:\Users\Jacek\AppData\Local\Programs\MiKTeX 2.9\tex/generic/oberdiek\kvdefin
ekeys.sty"
Package: kvdefinekeys 2016/05/16 v1.4 Define keys (HO)

("C:\Users\Jacek\AppData\Local\Programs\MiKTeX 2.9\tex/generic/oberdiek\ltxcmds
.sty"
Package: ltxcmds 2016/05/16 v1.23 LaTeX kernel commands for general use (HO)
)))
("C:\Users\Jacek\AppData\Local\Programs\MiKTeX 2.9\tex/latex/oberdiek\kvoptions
.sty"
Package: kvoptions 2016/05/16 v3.12 Key value format for package options (HO)

("C:\Users\Jacek\AppData\Local\Programs\MiKTeX 2.9\tex/generic/oberdiek\kvsetke
ys.sty"
Package: kvsetkeys 2016/05/16 v1.17 Key value parser (HO)

("C:\Users\Jacek\AppData\Local\Programs\MiKTeX 2.9\tex/generic/oberdiek\etexcmd
s.sty"
Package: etexcmds 2016/05/16 v1.6 Avoid name clashes with e-TeX commands (HO)

("C:\Users\Jacek\AppData\Local\Programs\MiKTeX 2.9\tex/generic/oberdiek\ifluate
x.sty"
Package: ifluatex 2016/05/16 v1.4 Provides the ifluatex switch (HO)
Package ifluatex Info: LuaTeX not detected.
))))
("C:\Users\Jacek\AppData\Local\Programs\MiKTeX 2.9\tex/generic/oberdiek\pdftexc
mds.sty"
Package: pdftexcmds 2018/09/10 v0.29 Utility functions of pdfTeX for LuaTeX (HO
)

("C:\Users\Jacek\AppData\Local\Programs\MiKTeX 2.9\tex/generic/oberdiek\ifpdf.s
ty"
Package: ifpdf 2018/09/07 v3.3 Provides the ifpdf switch
)
Package pdftexcmds Info: LuaTeX not detected.
Package pdftexcmds Info: \pdf@primitive is available.
Package pdftexcmds Info: \pdf@ifprimitive is available.
Package pdftexcmds Info: \pdfdraftmode found.
)
Package epstopdf-base Info: Redefining graphics rule for `.eps' on input line 4
38.
Package grfext Info: Graphics extension search list:
(grfext)             [.pdf,.png,.jpg,.mps,.jpeg,.jbig2,.jb2,.PDF,.PNG,.JPG,.JPE
G,.JBIG2,.JB2,.eps]
(grfext)             \AppendGraphicsExtensions on input line 456.
)
LaTeX Font Info:    External font `cmex10' loaded for size
(Font)              <10.95> on input line 11.
LaTeX Font Info:    External font `cmex10' loaded for size
(Font)              <8> on input line 11.
LaTeX Font Info:    External font `cmex10' loaded for size
(Font)              <6> on input line 11.
LaTeX Font Info:    Try loading font information for U+wasy on input line 11.

("C:\Users\Jacek\AppData\Local\Programs\MiKTeX 2.9\tex/latex/wasysym\uwasy.fd"
File: uwasy.fd 2003/10/30 v2.0 Wasy-2 symbol font definitions
)
Underfull \hbox (badness 10000) in paragraph at lines 9--39

 []


Overfull \hbox (24.33708pt too wide) in paragraph at lines 9--39
[] 
 []


Underfull \hbox (badness 10000) in paragraph at lines 9--39

 []


Underfull \hbox (badness 10000) in paragraph at lines 9--39

 []


Overfull \hbox (55.54248pt too wide) in paragraph at lines 9--39
[] 
 []


Underfull \hbox (badness 10000) in paragraph at lines 9--39

 []


Underfull \hbox (badness 10000) in paragraph at lines 9--39

 []


Overfull \hbox (33.98859pt too wide) in paragraph at lines 9--39
[] 
 []


Underfull \hbox (badness 10000) in paragraph at lines 9--39

 []


Underfull \hbox (badness 10000) in paragraph at lines 9--39

 []


Underfull \hbox (badness 10000) in paragraph at lines 9--39

 []


Overfull \hbox (10.09734pt too wide) in paragraph at lines 40--51
[] 
 []


Underfull \hbox (badness 10000) in paragraph at lines 40--51

 []


Underfull \hbox (badness 10000) in paragraph at lines 40--51

 []

[1

{C:/Users/Jacek/AppData/Local/MiKTeX/2.9/pdftex/config/pdftex.map}]
Underfull \hbox (badness 10000) in paragraph at lines 52--61

 []


Underfull \hbox (badness 10000) in paragraph at lines 52--61

 []


Underfull \hbox (badness 10000) in paragraph at lines 52--61

 []


Underfull \hbox (badness 10000) in paragraph at lines 52--61

 []


Underfull \hbox (badness 10000) in paragraph at lines 52--61

 []


Underfull \hbox (badness 10000) in paragraph at lines 62--63

 []


Underfull \hbox (badness 10000) in paragraph at lines 69--96

 []


Underfull \hbox (badness 10000) in paragraph at lines 69--96

 []


Underfull \hbox (badness 10000) in paragraph at lines 69--96

 []


Underfull \hbox (badness 10000) in paragraph at lines 69--96

 []


Underfull \hbox (badness 10000) in paragraph at lines 69--96

 []


Overfull \hbox (52.55635pt too wide) in paragraph at lines 69--96
[] 
 []


Underfull \hbox (badness 10000) in paragraph at lines 69--96

 []


Underfull \hbox (badness 10000) in paragraph at lines 69--96

 []

[2]
Underfull \hbox (badness 10000) in paragraph at lines 97--102

 []


Underfull \hbox (badness 10000) in paragraph at lines 97--102

 []

<path7520-7.png, id=19, 163.60022pt x 197.74979pt>
File: path7520-7.png Graphic file (type png)
<use path7520-7.png>
Package pdftex.def Info: path7520-7.png  used on input line 123.
(pdftex.def)             Requested size: 163.59981pt x 197.7493pt.
<wykres.png, id=21, 259.09564pt x 273.19086pt>
File: wykres.png Graphic file (type png)
<use wykres.png>
Package pdftex.def Info: wykres.png  used on input line 170.
(pdftex.def)             Requested size: 259.095pt x 273.19019pt.
<wykres_diff.png, id=22, 250.6385pt x 152.99713pt>
File: wykres_diff.png Graphic file (type png)
<use wykres_diff.png>
Package pdftex.def Info: wykres_diff.png  used on input line 206.
(pdftex.def)             Requested size: 250.63788pt x 152.99675pt.

Underfull \hbox (badness 10000) in paragraph at lines 104--207

 []


Underfull \hbox (badness 10000) in paragraph at lines 104--207

 []


Underfull \hbox (badness 10000) in paragraph at lines 104--207

 []


Overfull \hbox (1.35934pt too wide) in paragraph at lines 104--207
\OML/cmm/m/it/10.95 I[] \OT1/cmr/m/n/10.95 = [] + [] =
 []


Overfull \hbox (1.35934pt too wide) in paragraph at lines 104--207
\OML/cmm/m/it/10.95 I[] \OT1/cmr/m/n/10.95 = [] \OMS/cmsy/m/n/10.95   [] \OT1/c
mr/m/n/10.95 =
 []


Underfull \hbox (badness 10000) in paragraph at lines 104--207

 []


Underfull \hbox (badness 10000) in paragraph at lines 104--207

 []


Underfull \hbox (badness 10000) in paragraph at lines 104--207

 []


Underfull \hbox (badness 10000) in paragraph at lines 104--207

 []


Underfull \hbox (badness 10000) in paragraph at lines 104--207

 []


Underfull \hbox (badness 10000) in paragraph at lines 104--207

 []


Underfull \hbox (badness 10000) in paragraph at lines 104--207

 []

[3] [4 <./path7520-7.png>] [5] [6 <./wykres.png>] [7 <./wykres_diff.png>]
(WK.aux) ) 
Here is how much of TeX's memory you used:
 1985 strings out of 492946
 27083 string characters out of 3126266
 108004 words of memory out of 3000000
 5867 multiletter control sequences out of 15000+200000
 8572 words of font info for 28 fonts, out of 3000000 for 9000
 1141 hyphenation exceptions out of 8191
 41i,9n,25p,271b,113s stack positions out of 5000i,500n,10000p,200000b,50000s
 <C:\Users\Jacek\AppData\Local\MiKTeX\2.9\fonts/pk/ljfour/jknappen/ec
/dpi600\ecrm1095.pk> <C:\Users\Jacek\AppData\Local\MiKTeX\2.9\fonts/pk/ljfour/j
knappen/ec/dpi600\ecbx1095.pk><C:/Users/Jacek/AppData/Local/Programs/MiKTeX 2.9
/fonts/type1/public/amsfonts/cm/cmex10.pfb><C:/Users/Jacek/AppData/Local/Progra
ms/MiKTeX 2.9/fonts/type1/public/amsfonts/cm/cmmi10.pfb><C:/Users/Jacek/AppData
/Local/Programs/MiKTeX 2.9/fonts/type1/public/amsfonts/cm/cmmi6.pfb><C:/Users/J
acek/AppData/Local/Programs/MiKTeX 2.9/fonts/type1/public/amsfonts/cm/cmmi8.pfb
><C:/Users/Jacek/AppData/Local/Programs/MiKTeX 2.9/fonts/type1/public/amsfonts/
cm/cmr10.pfb><C:/Users/Jacek/AppData/Local/Programs/MiKTeX 2.9/fonts/type1/publ
ic/amsfonts/cm/cmr6.pfb><C:/Users/Jacek/AppData/Local/Programs/MiKTeX 2.9/fonts
/type1/public/amsfonts/cm/cmr8.pfb><C:/Users/Jacek/AppData/Local/Programs/MiKTe
X 2.9/fonts/type1/public/amsfonts/cm/cmsy10.pfb><C:/Users/Jacek/AppData/Local/P
rograms/MiKTeX 2.9/fonts/type1/public/amsfonts/cm/cmsy6.pfb><C:/Users/Jacek/App
Data/Local/Programs/MiKTeX 2.9/fonts/type1/public/amsfonts/cm/cmsy8.pfb><C:/Use
rs/Jacek/AppData/Local/Programs/MiKTeX 2.9/fonts/type1/public/wasy/wasy10.pfb>
Output written on WK.pdf (7 pages, 220357 bytes).
PDF statistics:
 174 PDF objects out of 1000 (max. 8388607)
 0 named destinations out of 1000 (max. 500000)
 16 words of extra memory for PDF output out of 10000 (max. 10000000)

